  Source.cpp
c:\users\twbas\source\repos\gt_creator\project\source.cpp(38): warning C4244: '=': conversion from 'float' to '_Tp', possible loss of data
          with
          [
              _Tp=int
          ]
c:\users\twbas\source\repos\gt_creator\project\source.cpp(39): warning C4244: '=': conversion from 'float' to '_Tp', possible loss of data
          with
          [
              _Tp=int
          ]
c:\users\twbas\source\repos\gt_creator\project\source.cpp(87): warning C4244: '=': conversion from 'int' to 'float', possible loss of data
c:\users\twbas\source\repos\gt_creator\project\source.cpp(95): warning C4244: '=': conversion from 'int' to 'float', possible loss of data
c:\users\twbas\source\repos\gt_creator\project\source.cpp(103): warning C4244: '=': conversion from 'int' to 'float', possible loss of data
c:\users\twbas\source\repos\gt_creator\project\source.cpp(116): warning C4244: '=': conversion from 'int' to 'float', possible loss of data
c:\users\twbas\source\repos\gt_creator\project\source.cpp(233): warning C4244: '=': conversion from 'double' to 'float', possible loss of data
c:\users\twbas\source\repos\gt_creator\project\source.cpp(234): warning C4244: '=': conversion from 'double' to 'float', possible loss of data
c:\users\twbas\source\repos\gt_creator\project\source.cpp(273): warning C4244: '=': conversion from 'double' to 'float', possible loss of data
c:\users\twbas\source\repos\gt_creator\project\source.cpp(274): warning C4244: '=': conversion from 'double' to 'float', possible loss of data
c:\users\twbas\source\repos\gt_creator\project\source.cpp(218): warning C4101: 'bF1x': unreferenced local variable
c:\users\twbas\source\repos\gt_creator\project\source.cpp(217): warning C4101: 'tx': unreferenced local variable
c:\users\twbas\source\repos\gt_creator\project\source.cpp(215): warning C4101: 'bFx': unreferenced local variable
c:\users\twbas\source\repos\gt_creator\project\source.cpp(215): warning C4101: 'bFy': unreferenced local variable
c:\users\twbas\source\repos\gt_creator\project\source.cpp(218): warning C4101: 'bF1y': unreferenced local variable
c:\users\twbas\source\repos\gt_creator\project\source.cpp(217): warning C4101: 'ty': unreferenced local variable
c:\users\twbas\source\repos\gt_creator\project\source.cpp(259): warning C4101: 'bF1x': unreferenced local variable
c:\users\twbas\source\repos\gt_creator\project\source.cpp(258): warning C4101: 'tx': unreferenced local variable
c:\users\twbas\source\repos\gt_creator\project\source.cpp(256): warning C4101: 'bFx': unreferenced local variable
c:\users\twbas\source\repos\gt_creator\project\source.cpp(256): warning C4101: 'bFy': unreferenced local variable
c:\users\twbas\source\repos\gt_creator\project\source.cpp(259): warning C4101: 'bF1y': unreferenced local variable
c:\users\twbas\source\repos\gt_creator\project\source.cpp(258): warning C4101: 'ty': unreferenced local variable
  Project1.vcxproj -> C:\Users\twbas\source\repos\GT_creator\project\x64\Debug\Project1.exe
